<?xml version="1.0" encoding="UTF-8"?>
<testsuite xmlns:xsi="http://www.w3.org/2001/XMLSchema-instance" xsi:noNamespaceSchemaLocation="https://maven.apache.org/surefire/maven-surefire-plugin/xsd/surefire-test-report.xsd" name="com.baeldung.avltree.AVLTreeUnitTest" time="0.047" tests="8" errors="0" skipped="0" failures="0">
  <properties>
    <property name="java.specification.version" value="17"/>
    <property name="sun.cpu.isalist" value="amd64"/>
    <property name="sun.jnu.encoding" value="Cp1252"/>
    <property name="java.class.path" value="D:\PAT\Assignment4\JUnit-CI\target\test-classes;D:\PAT\Assignment4\JUnit-CI\target\classes;C:\Users\hardi\.m2\repository\junit\junit\4.11\junit-4.11.jar;C:\Users\hardi\.m2\repository\org\hamcrest\hamcrest-core\1.3\hamcrest-core-1.3.jar;"/>
    <property name="java.vm.vendor" value="Oracle Corporation"/>
    <property name="sun.arch.data.model" value="64"/>
    <property name="user.variant" value=""/>
    <property name="java.vendor.url" value="https://java.oracle.com/"/>
    <property name="user.timezone" value="America/Chicago"/>
    <property name="os.name" value="Windows 10"/>
    <property name="java.vm.specification.version" value="17"/>
    <property name="sun.java.launcher" value="SUN_STANDARD"/>
    <property name="user.country" value="US"/>
    <property name="sun.boot.library.path" value="C:\Program Files\Java\jdk-17.0.2\bin"/>
    <property name="sun.java.command" value="C:\Users\hardi\AppData\Local\Temp\surefire18275588636984689508\surefirebooter17502040468396795870.jar C:\Users\hardi\AppData\Local\Temp\surefire18275588636984689508 2022-04-09T14-26-46_235-jvmRun1 surefire11336103015148069751tmp surefire_012432247043214576910tmp"/>
    <property name="jdk.debug" value="release"/>
    <property name="surefire.test.class.path" value="D:\PAT\Assignment4\JUnit-CI\target\test-classes;D:\PAT\Assignment4\JUnit-CI\target\classes;C:\Users\hardi\.m2\repository\junit\junit\4.11\junit-4.11.jar;C:\Users\hardi\.m2\repository\org\hamcrest\hamcrest-core\1.3\hamcrest-core-1.3.jar;"/>
    <property name="sun.cpu.endian" value="little"/>
    <property name="user.home" value="C:\Users\hardi"/>
    <property name="user.language" value="en"/>
    <property name="java.specification.vendor" value="Oracle Corporation"/>
    <property name="java.version.date" value="2022-01-18"/>
    <property name="java.home" value="C:\Program Files\Java\jdk-17.0.2"/>
    <property name="file.separator" value="\"/>
    <property name="basedir" value="D:\PAT\Assignment4\JUnit-CI"/>
    <property name="java.vm.compressedOopsMode" value="Zero based"/>
    <property name="line.separator" value="&#10;"/>
    <property name="java.vm.specification.vendor" value="Oracle Corporation"/>
    <property name="java.specification.name" value="Java Platform API Specification"/>
    <property name="surefire.real.class.path" value="C:\Users\hardi\AppData\Local\Temp\surefire18275588636984689508\surefirebooter17502040468396795870.jar"/>
    <property name="user.script" value=""/>
    <property name="sun.management.compiler" value="HotSpot 64-Bit Tiered Compilers"/>
    <property name="java.runtime.version" value="17.0.2+8-LTS-86"/>
    <property name="user.name" value="hardi"/>
    <property name="path.separator" value=";"/>
    <property name="os.version" value="10.0"/>
    <property name="java.runtime.name" value="Java(TM) SE Runtime Environment"/>
    <property name="file.encoding" value="Cp1252"/>
    <property name="java.vm.name" value="Java HotSpot(TM) 64-Bit Server VM"/>
    <property name="localRepository" value="C:\Users\hardi\.m2\repository"/>
    <property name="java.vendor.url.bug" value="https://bugreport.java.com/bugreport/"/>
    <property name="java.io.tmpdir" value="C:\Users\hardi\AppData\Local\Temp\"/>
    <property name="java.version" value="17.0.2"/>
    <property name="user.dir" value="D:\PAT\Assignment4\JUnit-CI"/>
    <property name="os.arch" value="amd64"/>
    <property name="java.vm.specification.name" value="Java Virtual Machine Specification"/>
    <property name="sun.os.patch.level" value=""/>
    <property name="native.encoding" value="Cp1252"/>
    <property name="java.library.path" value="C:\Program Files\Java\jdk-17.0.2\bin;C:\windows\Sun\Java\bin;C:\windows\system32;C:\windows;C:\Program Files\Common Files\Oracle\Java\javapath;C:\Program Files\Oculus\Support\oculus-runtime;C:\Program Files\Python39\Scripts\;C:\Program Files\Python39\;C:\Program Files (x86)\Common Files\Oracle\Java\javapath;C:\windows\system32;C:\windows;C:\windows\System32\Wbem;C:\windows\System32\WindowsPowerShell\v1.0\;C:\windows\System32\OpenSSH\;C:\Program Files (x86)\NVIDIA Corporation\PhysX\Common;C:\Program Files\NVIDIA Corporation\NVIDIA NvDLISR;C:\Program Files\Git\cmd;C:\Gradle\gradle-7.2\bin;C:\Program Files\PuTTY\;C:\Program Files\nodejs\;C:\Program Files\dotnet\;C:\Program Files\Microsoft SQL Server\130\Tools\Binn\;C:\Program Files\Microsoft SQL Server\Client SDK\ODBC\170\Tools\Binn\;C:\Program Files\Docker\Docker\resources\bin;C:\ProgramData\DockerDesktop\version-bin;C:\Users\hardi\AppData\Local\Microsoft\WindowsApps;C:\Users\hardi\AppData\Local\Programs\Microsoft VS Code\bin;C:\Users\hardi\AppData\Roaming\npm;C:\Users\hardi\.dotnet\tools;C:\msys64\mingw64\bin;C:\Users\hardi\AppData\Local\Programs\MiKTeX\miktex\bin\x64\;C:\Program Files\LLVM\bin;C:\Program Files\Graphviz\bin;C:\Users\hardi\Downloads\ghidra_10.1.2_PUBLIC_20220125\ghidra_10.1.2_PUBLIC\support;C:\Program Files\apache-maven-3.8.5\bin;;."/>
    <property name="java.vm.info" value="mixed mode, sharing"/>
    <property name="java.vendor" value="Oracle Corporation"/>
    <property name="java.vm.version" value="17.0.2+8-LTS-86"/>
    <property name="sun.io.unicode.encoding" value="UnicodeLittle"/>
    <property name="java.class.version" value="61.0"/>
  </properties>
  <testcase name="givenEmptyTree_whenInsertCalled_treeShouldBeAvl" classname="com.baeldung.avltree.AVLTreeUnitTest" time="0.002"/>
  <testcase name="givenEmptyTree_whenInsertCalled_heightShouldBeZero" classname="com.baeldung.avltree.AVLTreeUnitTest" time="0"/>
  <testcase name="givenSampleTree_whenFindExistingKeyCalled_shouldReturnMatchedNode" classname="com.baeldung.avltree.AVLTreeUnitTest" time="0"/>
  <testcase name="givenSampleTree_whenFindNotExistingKeyCalled_shouldReturnNull" classname="com.baeldung.avltree.AVLTreeUnitTest" time="0"/>
  <testcase name="givenEmptyTree_whenHeightCalled_shouldReturnMinus1" classname="com.baeldung.avltree.AVLTreeUnitTest" time="0"/>
  <testcase name="givenSampleTree_whenDeleteCalled_treeShouldBeAvl" classname="com.baeldung.avltree.AVLTreeUnitTest" time="0"/>
  <testcase name="givenEmptyTree_whenDeleteCalled_treeShouldBeAvl" classname="com.baeldung.avltree.AVLTreeUnitTest" time="0"/>
  <testcase name="givenSampleTree_whenInsertCalled_treeShouldBeAvl" classname="com.baeldung.avltree.AVLTreeUnitTest" time="0"/>
</testsuite>